-------------------------------------------------------------------------------
Test set: com.cg.iter.shelftimereport.GreatOutDoorsShelfTimeReportApplicationTests
-------------------------------------------------------------------------------
Tests run: 1, Failures: 0, Errors: 1, Skipped: 0, Time elapsed: 0.15 s <<< FAILURE! - in com.cg.iter.shelftimereport.GreatOutDoorsShelfTimeReportApplicationTests
com.cg.iter.shelftimereport.GreatOutDoorsShelfTimeReportApplicationTests  Time elapsed: 0.15 s  <<< ERROR!
java.lang.IllegalStateException: Unable to find a @SpringBootConfiguration, you need to use @ContextConfiguration or @SpringBootTest(classes=...) with your test

